


materialPath: C:\Program Files (x86)\Steam\steamapps\common\GarrysMod\garrysmod\materials
Loading C:\Projects\Garry's mod\Redhouse\ttt_redhouse.vmf
ConVarRef mat_reduceparticles doesn't point to an existing ConVar
Could not locate 'GameData' key in c:\program files (x86)\steam\steamapps\common\garrysmod\garrysmod\gameinfo.txt
fixing up env_cubemap materials on brush sides...
0...1...2...3...4...5...6...7...8...9...100...1...2...3...4...5...6...7...8...9...10Processing areas...done (0)
Building Faces...done (0)
Chop Details...done (0)
Find Visible Detail Sides...
Merged 362 detail faces...done (0)
Merging details...done (0)
FixTjuncs...
PruneNodes...
WriteBSP...
done (0)
writing C:\Projects\Garry's mod\Redhouse\ttt_redhouse.prt...Building visibility clusters...
done (0)
Creating default LDR cubemaps for env_cubemap using skybox materials:
   skybox/sky_day01_05_hdr*.vmt
 ! Run buildcubemaps in the engine to get the correct cube maps.
Creating default HDR cubemaps for env_cubemap using skybox materials:
   skybox/sky_day01_05_hdr*.vmt
 ! Run buildcubemaps in the engine to get the correct cube maps.
Finding displacement neighbors...
Finding lightmap sample positions...
Displacement Alpha : 0...1...2...3...4...5...6...7...8...9...10
Building Physics collision data...
done (0) (529624 bytes)
Error! prop_static using model "models/props/cs_office/plant01.mdl", which must be used on a dynamic entity (i.e. prop_physics). Deleted.
Error loading studio model "models/props/cs_office/plant01.mdl"!
Error! prop_static using model "models/props_junk/wood_crate001a_damaged.mdl", which must be used on a dynamic entity (i.e. prop_physics). Deleted.
Error loading studio model "models/props_junk/wood_crate001a_damaged.mdl"!
Placing detail props : 0...1...2...3...4...5...6...7...8...9...10
Compacting texture/material tables...
Reduced 1070 texinfos to 722
Reduced 39 texdatas to 33 (1024 bytes to 758)
Writing C:\Projects\Garry's mod\Redhouse\ttt_redhouse.bsp
1 second elapsed



8 threads
reading c:\projects\garry's mod\redhouse\ttt_redhouse.bsp
reading c:\projects\garry's mod\redhouse\ttt_redhouse.prt
 569 portalclusters
1383 numportals
0...1...2...3...4...5...6...7...8...9...100...1...2...3...4...5...6...7...8...9...10Optimized: 1047 visible clusters (0.68%)
Total clusters visible: 153500
Average clusters visible: 269
Building PAS...
Average clusters audible: 539
visdatasize:82184  compressed from 81936
writing c:\projects\garry's mod\redhouse\ttt_redhouse.bsp
9 seconds elapsed



[Reading texlights from 'lights.rad']
[45 texlights parsed from 'lights.rad']

Loading c:\projects\garry's mod\redhouse\ttt_redhouse.bsp
5245 faces
2 degenerate faces
321097 square feet [46238028.00 square inches]
0 Displacements
0 Square Feet [0.00 Square Inches]
5243 patches before subdivision
38711 patches after subdivision
36 direct lights
0...1...2...3...4...5...6...7...8...9...100...1...2...3...4...5...6...7...8...9...10transfers 7771101, max 1423
transfer lists:  59.3 megs
0...1...2...3...4...5...6...7...8...9...10	Bounce #1 added RGB(25262, 14582, 6411)
0...1...2...3...4...5...6...7...8...9...10	Bounce #2 added RGB(5007, 2865, 952)
0...1...2...3...4...5...6...7...8...9...10	Bounce #3 added RGB(1219, 689, 186)
0...1...2...3...4...5...6...7...8...9...10	Bounce #4 added RGB(324, 178, 40)
0...1...2...3...4...5...6...7...8...9...10	Bounce #5 added RGB(92, 48, 9)
0...1...2...3...4...5...6...7...8...9...10	Bounce #6 added RGB(27, 13, 2)
0...1...2...3...4...5...6...7...8...9...10	Bounce #7 added RGB(8, 4, 0)
0...1...2...3...4...5...6...7...8...9...10	Bounce #8 added RGB(2, 1, 0)
0...1...2...3...4...5...6...7...8...9...10	Bounce #9 added RGB(1, 0, 0)
Build Patch/Sample Hash Table(s).....Done<0.0079 sec>
0...1...2...3...4...5...6...7...8...9...10FinalLightFace Done
0 of 0 (0% of) surface lights went in leaf ambient cubes.
0...1...2...3...4...5...6...7...8...9...10Writing leaf ambient...done
Ready to Finish

Object names       Objects/Maxobjs  Memory / Maxmem  Fullness 
------------       ---------------  ---------------  -------- 
models                 109/1024         5232/49152    (10.6%) 
brushes               1449/8192        17388/98304    (17.7%) 
brushsides           10100/65536       80800/524288   (15.4%) 
planes                4092/65536       81840/1310720  ( 6.2%) 
vertexes              9244/65536      110928/786432   (14.1%) 
nodes                 2152/65536       68864/2097152  ( 3.3%) 
texinfos               722/12288       51984/884736   ( 5.9%) 
texdata                 33/2048         1056/65536    ( 1.6%) 
dispinfos                0/0               0/0        ( 0.0%) 
disp_verts               0/0               0/0        ( 0.0%) 
disp_tris                0/0               0/0        ( 0.0%) 
disp_lmsamples           0/0               0/0        ( 0.0%) 
faces                 5245/65536      293720/3670016  ( 8.0%) 
hdr faces                0/65536           0/3670016  ( 0.0%) 
origfaces             4072/65536      228032/3670016  ( 6.2%) 
leaves                2262/65536       72384/2097152  ( 3.5%) 
leaffaces             5682/65536       11364/131072   ( 8.7%) 
leafbrushes           2286/65536        4572/131072   ( 3.5%) 
areas                    2/256            16/2048     ( 0.8%) 
surfedges            42376/512000     169504/2048000  ( 8.3%) 
edges                26846/256000     107384/1024000  (10.5%) 
LDR worldlights         36/8192         3168/720896   ( 0.4%) 
HDR worldlights          0/8192            0/720896   ( 0.0%) 
leafwaterdata            0/32768           0/393216   ( 0.0%) 
waterstrips            681/32768        6810/327680   ( 2.1%) 
waterverts               0/65536           0/786432   ( 0.0%) 
waterindices         13938/65536       27876/131072   (21.3%) 
cubemapsamples           0/1024            0/16384    ( 0.0%) 
overlays                 0/512             0/180224   ( 0.0%) 
LDR lightdata         [variable]     1659144/0        ( 0.0%) 
HDR lightdata         [variable]           0/0        ( 0.0%) 
visdata               [variable]       82184/16777216 ( 0.5%) 
entdata               [variable]       82231/393216   (20.9%) 
LDR ambient table     2262/65536        9048/262144   ( 3.5%) 
HDR ambient table     2262/65536        9048/262144   ( 3.5%) 
LDR leaf ambient      6322/65536      177016/1835008  ( 9.6%) 
HDR leaf ambient      2262/65536       63336/1835008  ( 3.5%) 
occluders                0/0               0/0        ( 0.0%) 
occluder polygons        0/0               0/0        ( 0.0%) 
occluder vert ind        0/0               0/0        ( 0.0%) 
detail props          [variable]           1/12       ( 8.3%) 
static props          [variable]           1/3618     ( 0.0%) 
pakfile               [variable]      212910/0        ( 0.0%) 
physics               [variable]      529624/4194304  (12.6%) 
physics terrain       [variable]           2/1048576  ( 0.0%) 

Level flags = 0

Total triangle count: 15972
Writing c:\projects\garry's mod\redhouse\ttt_redhouse.bsp
13 seconds elapsed



[Reading texlights from 'lights.rad']
[45 texlights parsed from 'lights.rad']

Loading c:\projects\garry's mod\redhouse\ttt_redhouse.bsp
5245 faces
2 degenerate faces
321097 square feet [46238028.00 square inches]
0 Displacements
0 Square Feet [0.00 Square Inches]
5243 patches before subdivision
38711 patches after subdivision
36 direct lights
0...1...2...3...4...5...6...7...8...9...100...1...2...3...4...5...6...7...8...9...10transfers 7771101, max 1423
transfer lists:  59.3 megs
0...1...2...3...4...5...6...7...8...9...10	Bounce #1 added RGB(25262, 14581, 6411)
0...1...2...3...4...5...6...7...8...9...10	Bounce #2 added RGB(5007, 2865, 952)
0...1...2...3...4...5...6...7...8...9...10	Bounce #3 added RGB(1219, 689, 186)
0...1...2...3...4...5...6...7...8...9...10	Bounce #4 added RGB(324, 178, 40)
0...1...2...3...4...5...6...7...8...9...10	Bounce #5 added RGB(92, 48, 9)
0...1...2...3...4...5...6...7...8...9...10	Bounce #6 added RGB(27, 13, 2)
0...1...2...3...4...5...6...7...8...9...10	Bounce #7 added RGB(8, 4, 0)
0...1...2...3...4...5...6...7...8...9...10	Bounce #8 added RGB(2, 1, 0)
0...1...2...3...4...5...6...7...8...9...10	Bounce #9 added RGB(1, 0, 0)
Build Patch/Sample Hash Table(s).....Done<0.0085 sec>
0...1...2...3...4...5...6...7...8...9...10FinalLightFace Done
0 of 0 (0% of) surface lights went in leaf ambient cubes.
0...1...2...3...4...5...6...7...8...9...10Writing leaf ambient...done
Ready to Finish

Object names       Objects/Maxobjs  Memory / Maxmem  Fullness 
------------       ---------------  ---------------  -------- 
models                 109/1024         5232/49152    (10.6%) 
brushes               1449/8192        17388/98304    (17.7%) 
brushsides           10100/65536       80800/524288   (15.4%) 
planes                4092/65536       81840/1310720  ( 6.2%) 
vertexes              9244/65536      110928/786432   (14.1%) 
nodes                 2152/65536       68864/2097152  ( 3.3%) 
texinfos               722/12288       51984/884736   ( 5.9%) 
texdata                 33/2048         1056/65536    ( 1.6%) 
dispinfos                0/0               0/0        ( 0.0%) 
disp_verts               0/0               0/0        ( 0.0%) 
disp_tris                0/0               0/0        ( 0.0%) 
disp_lmsamples           0/0               0/0        ( 0.0%) 
faces                 5245/65536      293720/3670016  ( 8.0%) 
hdr faces             5245/65536      293720/3670016  ( 8.0%) 
origfaces             4072/65536      228032/3670016  ( 6.2%) 
leaves                2262/65536       72384/2097152  ( 3.5%) 
leaffaces             5682/65536       11364/131072   ( 8.7%) 
leafbrushes           2286/65536        4572/131072   ( 3.5%) 
areas                    2/256            16/2048     ( 0.8%) 
surfedges            42376/512000     169504/2048000  ( 8.3%) 
edges                26846/256000     107384/1024000  (10.5%) 
LDR worldlights         36/8192         3168/720896   ( 0.4%) 
HDR worldlights         36/8192         3168/720896   ( 0.4%) 
leafwaterdata            0/32768           0/393216   ( 0.0%) 
waterstrips            681/32768        6810/327680   ( 2.1%) 
waterverts               0/65536           0/786432   ( 0.0%) 
waterindices         13938/65536       27876/131072   (21.3%) 
cubemapsamples           0/1024            0/16384    ( 0.0%) 
overlays                 0/512             0/180224   ( 0.0%) 
LDR lightdata         [variable]     1659144/0        ( 0.0%) 
HDR lightdata         [variable]     1659144/0        ( 0.0%) 
visdata               [variable]       82184/16777216 ( 0.5%) 
entdata               [variable]       82231/393216   (20.9%) 
LDR ambient table     2262/65536        9048/262144   ( 3.5%) 
HDR ambient table     2262/65536        9048/262144   ( 3.5%) 
LDR leaf ambient      6322/65536      177016/1835008  ( 9.6%) 
HDR leaf ambient      6322/65536      177016/1835008  ( 9.6%) 
occluders                0/0               0/0        ( 0.0%) 
occluder polygons        0/0               0/0        ( 0.0%) 
occluder vert ind        0/0               0/0        ( 0.0%) 
detail props          [variable]           1/12       ( 8.3%) 
static props          [variable]           1/3618     ( 0.0%) 
pakfile               [variable]      212910/0        ( 0.0%) 
physics               [variable]      529624/4194304  (12.6%) 
physics terrain       [variable]           2/1048576  ( 0.0%) 

Level flags = 0

Total triangle count: 15972
Writing c:\projects\garry's mod\redhouse\ttt_redhouse.bsp
13 seconds elapsed



materialPath: C:\Program Files (x86)\Steam\steamapps\common\GarrysMod\garrysmod\materials
Loading C:\Projects\Garry's mod\Redhouse\ttt_redhouse.vmf
ConVarRef mat_reduceparticles doesn't point to an existing ConVar
Could not locate 'GameData' key in c:\program files (x86)\steam\steamapps\common\garrysmod\garrysmod\gameinfo.txt
fixing up env_cubemap materials on brush sides...
0...1...2...3...4...5...6...7...8...9...100...1...2...3...4...5...6...7...8...9...10Processing areas...done (0)
Building Faces...done (0)
Chop Details...done (0)
Find Visible Detail Sides...
Merged 410 detail faces...done (0)
Merging details...done (0)
FixTjuncs...
PruneNodes...
WriteBSP...
done (0)
writing C:\Projects\Garry's mod\Redhouse\ttt_redhouse.prt...Building visibility clusters...
done (0)
Creating default LDR cubemaps for env_cubemap using skybox materials:
   skybox/sky_day01_05_hdr*.vmt
 ! Run buildcubemaps in the engine to get the correct cube maps.
Creating default HDR cubemaps for env_cubemap using skybox materials:
   skybox/sky_day01_05_hdr*.vmt
 ! Run buildcubemaps in the engine to get the correct cube maps.
Finding displacement neighbors...
Finding lightmap sample positions...
Displacement Alpha : 0...1...2...3...4...5...6...7...8...9...10
Building Physics collision data...
done (0) (538968 bytes)
Error! prop_static using model "models/props/cs_office/plant01.mdl", which must be used on a dynamic entity (i.e. prop_physics). Deleted.
Error loading studio model "models/props/cs_office/plant01.mdl"!
Error! prop_static using model "models/props/de_train/barrel.mdl", which must be used on a dynamic entity (i.e. prop_physics). Deleted.
Error loading studio model "models/props/de_train/barrel.mdl"!
Placing detail props : 0...1...2...3...4...5...6...7...8...9...10
Compacting texture/material tables...
Reduced 1139 texinfos to 761
Reduced 39 texdatas to 33 (1024 bytes to 758)
Writing C:\Projects\Garry's mod\Redhouse\ttt_redhouse.bsp
1 second elapsed



8 threads
reading c:\projects\garry's mod\redhouse\ttt_redhouse.bsp
reading c:\projects\garry's mod\redhouse\ttt_redhouse.prt
 569 portalclusters
1383 numportals
0...1...2...3...4...5...6...7...8...9...100...1...2...3...4...5...6...7...8...9...10Optimized: 1048 visible clusters (0.68%)
Total clusters visible: 153501
Average clusters visible: 269
Building PAS...
Average clusters audible: 539
visdatasize:82184  compressed from 81936
writing c:\projects\garry's mod\redhouse\ttt_redhouse.bsp
9 seconds elapsed



[Reading texlights from 'lights.rad']
[45 texlights parsed from 'lights.rad']

Loading c:\projects\garry's mod\redhouse\ttt_redhouse.bsp
5353 faces
2 degenerate faces
321337 square feet [46272624.00 square inches]
0 Displacements
0 Square Feet [0.00 Square Inches]
5351 patches before subdivision
38819 patches after subdivision
37 direct lights
0...1...2...3...4...5...6...7...8...9...100...1...2...3...4...5...6...7...8...9...10transfers 7788856, max 1427
transfer lists:  59.4 megs
0...1...2...3...4...5...6...7...8...9...10	Bounce #1 added RGB(25334, 14638, 6442)
0...1...2...3...4...5...6...7...8...9...10	Bounce #2 added RGB(5015, 2874, 957)
0...1...2...3...4...5...6...7...8...9...10	Bounce #3 added RGB(1222, 691, 187)
0...1...2...3...4...5...6...7...8...9...10	Bounce #4 added RGB(325, 178, 40)
0...1...2...3...4...5...6...7...8...9...10	Bounce #5 added RGB(92, 48, 9)
0...1...2...3...4...5...6...7...8...9...10	Bounce #6 added RGB(27, 13, 2)
0...1...2...3...4...5...6...7...8...9...10	Bounce #7 added RGB(8, 4, 0)
0...1...2...3...4...5...6...7...8...9...10	Bounce #8 added RGB(2, 1, 0)
0...1...2...3...4...5...6...7...8...9...10	Bounce #9 added RGB(1, 0, 0)
Build Patch/Sample Hash Table(s).....Done<0.0074 sec>
0...1...2...3...4...5...6...7...8...9...10FinalLightFace Done
0 of 0 (0% of) surface lights went in leaf ambient cubes.
0...1...2...3...4...5...6...7...8...9...10Writing leaf ambient...done
Ready to Finish

Object names       Objects/Maxobjs  Memory / Maxmem  Fullness 
------------       ---------------  ---------------  -------- 
models                 109/1024         5232/49152    (10.6%) 
brushes               1473/8192        17676/98304    (18.0%) 
brushsides           10268/65536       82144/524288   (15.7%) 
planes                4192/65536       83840/1310720  ( 6.4%) 
vertexes              9472/65536      113664/786432   (14.5%) 
nodes                 2152/65536       68864/2097152  ( 3.3%) 
texinfos               761/12288       54792/884736   ( 6.2%) 
texdata                 33/2048         1056/65536    ( 1.6%) 
dispinfos                0/0               0/0        ( 0.0%) 
disp_verts               0/0               0/0        ( 0.0%) 
disp_tris                0/0               0/0        ( 0.0%) 
disp_lmsamples           0/0               0/0        ( 0.0%) 
faces                 5353/65536      299768/3670016  ( 8.2%) 
hdr faces                0/65536           0/3670016  ( 0.0%) 
origfaces             4180/65536      234080/3670016  ( 6.4%) 
leaves                2262/65536       72384/2097152  ( 3.5%) 
leaffaces             5790/65536       11580/131072   ( 8.8%) 
leafbrushes           2310/65536        4620/131072   ( 3.5%) 
areas                    2/256            16/2048     ( 0.8%) 
surfedges            43312/512000     173248/2048000  ( 8.5%) 
edges                27452/256000     109808/1024000  (10.7%) 
LDR worldlights         37/8192         3256/720896   ( 0.5%) 
HDR worldlights          0/8192            0/720896   ( 0.0%) 
leafwaterdata            0/32768           0/393216   ( 0.0%) 
waterstrips            693/32768        6930/327680   ( 2.1%) 
waterverts               0/65536           0/786432   ( 0.0%) 
waterindices         14190/65536       28380/131072   (21.7%) 
cubemapsamples           0/1024            0/16384    ( 0.0%) 
overlays                 0/512             0/180224   ( 0.0%) 
LDR lightdata         [variable]     1660608/0        ( 0.0%) 
HDR lightdata         [variable]           0/0        ( 0.0%) 
visdata               [variable]       82184/16777216 ( 0.5%) 
entdata               [variable]       82541/393216   (21.0%) 
LDR ambient table     2262/65536        9048/262144   ( 3.5%) 
HDR ambient table     2262/65536        9048/262144   ( 3.5%) 
LDR leaf ambient      6324/65536      177072/1835008  ( 9.6%) 
HDR leaf ambient      2262/65536       63336/1835008  ( 3.5%) 
occluders                0/0               0/0        ( 0.0%) 
occluder polygons        0/0               0/0        ( 0.0%) 
occluder vert ind        0/0               0/0        ( 0.0%) 
detail props          [variable]           1/12       ( 8.3%) 
static props          [variable]           1/3882     ( 0.0%) 
pakfile               [variable]      212910/0        ( 0.0%) 
physics               [variable]      538968/4194304  (12.8%) 
physics terrain       [variable]           2/1048576  ( 0.0%) 

Level flags = 0

Total triangle count: 16260
Writing c:\projects\garry's mod\redhouse\ttt_redhouse.bsp
12 seconds elapsed



[Reading texlights from 'lights.rad']
[45 texlights parsed from 'lights.rad']

Loading c:\projects\garry's mod\redhouse\ttt_redhouse.bsp
5353 faces
2 degenerate faces
321337 square feet [46272624.00 square inches]
0 Displacements
0 Square Feet [0.00 Square Inches]
5351 patches before subdivision
38819 patches after subdivision
37 direct lights
0...1...2...3...4...5...6...7...8...9...100...1...2...3...4...5...6...7...8...9...10transfers 7788856, max 1427
transfer lists:  59.4 megs
0...1...2...3...4...5...6...7...8...9...10	Bounce #1 added RGB(25334, 14638, 6442)
0...1...2...3...4...5...6...7...8...9...10	Bounce #2 added RGB(5015, 2874, 957)
0...1...2...3...4...5...6...7...8...9...10	Bounce #3 added RGB(1222, 691, 187)
0...1...2...3...4...5...6...7...8...9...10	Bounce #4 added RGB(325, 178, 40)
0...1...2...3...4...5...6...7...8...9...10	Bounce #5 added RGB(92, 48, 9)
0...1...2...3...4...5...6...7...8...9...10	Bounce #6 added RGB(27, 13, 2)
0...1...2...3...4...5...6...7...8...9...10	Bounce #7 added RGB(8, 4, 0)
0...1...2...3...4...5...6...7...8...9...10	Bounce #8 added RGB(2, 1, 0)
0...1...2...3...4...5...6...7...8...9...10	Bounce #9 added RGB(1, 0, 0)
Build Patch/Sample Hash Table(s).....Done<0.0082 sec>
0...1...2...3...4...5...6...7...8...9...10FinalLightFace Done
0 of 0 (0% of) surface lights went in leaf ambient cubes.
0...1...2...3...4...5...6...7...8...9...10Writing leaf ambient...done
Ready to Finish

Object names       Objects/Maxobjs  Memory / Maxmem  Fullness 
------------       ---------------  ---------------  -------- 
models                 109/1024         5232/49152    (10.6%) 
brushes               1473/8192        17676/98304    (18.0%) 
brushsides           10268/65536       82144/524288   (15.7%) 
planes                4192/65536       83840/1310720  ( 6.4%) 
vertexes              9472/65536      113664/786432   (14.5%) 
nodes                 2152/65536       68864/2097152  ( 3.3%) 
texinfos               761/12288       54792/884736   ( 6.2%) 
texdata                 33/2048         1056/65536    ( 1.6%) 
dispinfos                0/0               0/0        ( 0.0%) 
disp_verts               0/0               0/0        ( 0.0%) 
disp_tris                0/0               0/0        ( 0.0%) 
disp_lmsamples           0/0               0/0        ( 0.0%) 
faces                 5353/65536      299768/3670016  ( 8.2%) 
hdr faces             5353/65536      299768/3670016  ( 8.2%) 
origfaces             4180/65536      234080/3670016  ( 6.4%) 
leaves                2262/65536       72384/2097152  ( 3.5%) 
leaffaces             5790/65536       11580/131072   ( 8.8%) 
leafbrushes           2310/65536        4620/131072   ( 3.5%) 
areas                    2/256            16/2048     ( 0.8%) 
surfedges            43312/512000     173248/2048000  ( 8.5%) 
edges                27452/256000     109808/1024000  (10.7%) 
LDR worldlights         37/8192         3256/720896   ( 0.5%) 
HDR worldlights         37/8192         3256/720896   ( 0.5%) 
leafwaterdata            0/32768           0/393216   ( 0.0%) 
waterstrips            693/32768        6930/327680   ( 2.1%) 
waterverts               0/65536           0/786432   ( 0.0%) 
waterindices         14190/65536       28380/131072   (21.7%) 
cubemapsamples           0/1024            0/16384    ( 0.0%) 
overlays                 0/512             0/180224   ( 0.0%) 
LDR lightdata         [variable]     1660608/0        ( 0.0%) 
HDR lightdata         [variable]     1660608/0        ( 0.0%) 
visdata               [variable]       82184/16777216 ( 0.5%) 
entdata               [variable]       82541/393216   (21.0%) 
LDR ambient table     2262/65536        9048/262144   ( 3.5%) 
HDR ambient table     2262/65536        9048/262144   ( 3.5%) 
LDR leaf ambient      6324/65536      177072/1835008  ( 9.6%) 
HDR leaf ambient      6323/65536      177044/1835008  ( 9.6%) 
occluders                0/0               0/0        ( 0.0%) 
occluder polygons        0/0               0/0        ( 0.0%) 
occluder vert ind        0/0               0/0        ( 0.0%) 
detail props          [variable]           1/12       ( 8.3%) 
static props          [variable]           1/3882     ( 0.0%) 
pakfile               [variable]      212910/0        ( 0.0%) 
physics               [variable]      538968/4194304  (12.8%) 
physics terrain       [variable]           2/1048576  ( 0.0%) 

Level flags = 0

Total triangle count: 16260
Writing c:\projects\garry's mod\redhouse\ttt_redhouse.bsp
12 seconds elapsed
